<?xml version="1.0" encoding="UTF-8"?>
<testng-results ignored="0" total="1" passed="1" failed="0" skipped="0">
  <reporter-output>
  </reporter-output>
  <suite started-at="2025-05-28T19:40:02 IST" name="Default suite" finished-at="2025-05-28T19:40:28 IST" duration-ms="26035">
    <groups>
    </groups>
    <test started-at="2025-05-28T19:40:02 IST" name="Default test" finished-at="2025-05-28T19:40:28 IST" duration-ms="26035">
      <class name="p2.DragAndDropDemo">
        <test-method signature="frameSwitchTest()[pri:0, instance:p2.DragAndDropDemo@229f66ed]" started-at="2025-05-28T19:40:02 IST" name="frameSwitchTest" finished-at="2025-05-28T19:40:28 IST" duration-ms="25902" status="PASS">
          <reporter-output>
          </reporter-output>
        </test-method> <!-- frameSwitchTest -->
      </class> <!-- p2.DragAndDropDemo -->
    </test> <!-- Default test -->
  </suite> <!-- Default suite -->
</testng-results>
